{
  "lastUpdated": "2025-08-31T12:10:40.984Z",
  "results": {
    "codex-gpt-5": {
      "metadata": {
        "agent": "codex",
        "model": "gpt-5",
        "provider": "openai",
        "version": "unknown",
        "timestamp": "2025-08-30T12:30:00.000Z",
        "exerciseCount": 25,
        "benchmarkVersion": "1.0.0",
        "generatedBy": "ts-bench",
        "runUrl": "https://github.com/laiso/ts-bench/actions/runs/17344734992",
        "runId": "17344734992",
        "artifactName": "results-codex-gpt-5"
      },
      "summary": {
        "successRate": 88,
        "totalDuration": 2292500,
        "avgDuration": 91700,
        "successCount": 22,
        "totalCount": 25,
        "agentSuccessCount": 22,
        "testSuccessCount": 22,
        "testFailedCount": 3
      },
      "results": []
    },
    "claude-claude-sonnet-4-20250514": {
      "metadata": {
        "agent": "claude",
        "model": "claude-sonnet-4-20250514",
        "provider": "anthropic",
        "version": "unknown",
        "timestamp": "2025-08-30T12:00:00.000Z",
        "exerciseCount": 25,
        "benchmarkVersion": "1.0.0",
        "generatedBy": "ts-bench",
        "runUrl": "https://github.com/laiso/ts-bench/actions/runs/17344732069",
        "runId": "17344732069",
        "artifactName": "results-claude-claude-sonnet-4-20250514"
      },
      "summary": {
        "successRate": 72,
        "totalDuration": 5152500,
        "avgDuration": 206100,
        "successCount": 18,
        "totalCount": 25,
        "agentSuccessCount": 18,
        "testSuccessCount": 18,
        "testFailedCount": 7
      },
      "results": []
    },
    "gemini-gemini-2.5-pro": {
      "metadata": {
        "agent": "gemini",
        "model": "gemini-2.5-pro",
        "provider": "google",
        "version": "0.2.2",
        "timestamp": "2025-08-31T02:56:56.692Z",
        "exerciseCount": 25,
        "benchmarkVersion": "1.0.0",
        "generatedBy": "ts-bench",
        "runUrl": "https://github.com/laiso/ts-bench/actions/runs/17351052819",
        "runId": "17351052819"
      },
      "summary": {
        "successRate": 92,
        "totalDuration": 4213652,
        "avgDuration": 168546.1,
        "successCount": 23,
        "totalCount": 25,
        "agentSuccessCount": 25,
        "testSuccessCount": 23,
        "testFailedCount": 2
      },
      "results": [
        {
          "exercise": "acronym",
          "agentSuccess": true,
          "testSuccess": true,
          "overallSuccess": true,
          "agentDuration": 105484,
          "testDuration": 7067,
          "totalDuration": 112696
        },
        {
          "exercise": "anagram",
          "agentSuccess": true,
          "testSuccess": true,
          "overallSuccess": true,
          "agentDuration": 430029,
          "testDuration": 7305,
          "totalDuration": 437345
        },
        {
          "exercise": "bank-account",
          "agentSuccess": true,
          "testSuccess": true,
          "overallSuccess": true,
          "agentDuration": 420153,
          "testDuration": 7272,
          "totalDuration": 427435
        },
        {
          "exercise": "binary-search",
          "agentSuccess": true,
          "testSuccess": true,
          "overallSuccess": true,
          "agentDuration": 68181,
          "testDuration": 7331,
          "totalDuration": 75523
        },
        {
          "exercise": "binary-search-tree",
          "agentSuccess": true,
          "testSuccess": true,
          "overallSuccess": true,
          "agentDuration": 57548,
          "testDuration": 7330,
          "totalDuration": 64888
        },
        {
          "exercise": "bowling",
          "agentSuccess": true,
          "testSuccess": false,
          "overallSuccess": false,
          "testError": "STDOUT: \u001b[31m\u001b[1mUsage Error\u001b[22m\u001b[39m: The nearest package directory (\u001b[38;5;170m/home/runner/work/ts-bench/ts-bench/exercism-typescript/exercises/practice/bowling\u001b[39m) doesn't seem to be part of the project declared in \u001b[38;5;170m/home/runner/work/ts-bench/ts-bench/exercism-typescript\u001b[39m.\n\n- If \u001b[38;5;170m/home/runner/work/ts-bench/ts-bench/exercism-typescript\u001b[39m isn't intended to be a project, remove any yarn.lock and/or package.json file there.\n- If \u001b[38;5;170m/home/runner/work/ts-bench/ts-bench/exercism-typescript\u001b[39m is intended to be a project, it might be that you forgot to list \u001b[38;5;170mexercises/practice/bowling\u001b[39m in its workspace configuration.\n- Finally, if \u001b[38;5;170m/home/runner/work/ts-bench/ts-bench/exercism-typescript\u001b[39m is fine and you intend \u001b[38;5;170mexercises/practice/bowling\u001b[39m to be treated as a completely separate project (not even a workspace), create an empty yarn.lock file in it.\n\n\u001b[1m$ \u001b[22myarn install [--json] [--immutable] [--immutable-cache] [--refresh-lockfile] [--check-cache] [--check-resolutions] [--inline-builds] [--mode #0]\n\nSTDERR: ",
          "agentDuration": 305416,
          "testDuration": 291,
          "totalDuration": 305718
        },
        {
          "exercise": "complex-numbers",
          "agentSuccess": true,
          "testSuccess": true,
          "overallSuccess": true,
          "agentDuration": 93486,
          "testDuration": 7370,
          "totalDuration": 100868
        },
        {
          "exercise": "connect",
          "agentSuccess": true,
          "testSuccess": true,
          "overallSuccess": true,
          "agentDuration": 76306,
          "testDuration": 7259,
          "totalDuration": 83575
        },
        {
          "exercise": "crypto-square",
          "agentSuccess": true,
          "testSuccess": true,
          "overallSuccess": true,
          "agentDuration": 78528,
          "testDuration": 7308,
          "totalDuration": 85847
        },
        {
          "exercise": "diamond",
          "agentSuccess": true,
          "testSuccess": true,
          "overallSuccess": true,
          "agentDuration": 65474,
          "testDuration": 7328,
          "totalDuration": 72812
        },
        {
          "exercise": "dnd-character",
          "agentSuccess": true,
          "testSuccess": true,
          "overallSuccess": true,
          "agentDuration": 55590,
          "testDuration": 7377,
          "totalDuration": 62979
        },
        {
          "exercise": "flatten-array",
          "agentSuccess": true,
          "testSuccess": true,
          "overallSuccess": true,
          "agentDuration": 65273,
          "testDuration": 7538,
          "totalDuration": 72821
        },
        {
          "exercise": "food-chain",
          "agentSuccess": true,
          "testSuccess": true,
          "overallSuccess": true,
          "agentDuration": 94883,
          "testDuration": 7306,
          "totalDuration": 102200
        },
        {
          "exercise": "house",
          "agentSuccess": true,
          "testSuccess": true,
          "overallSuccess": true,
          "agentDuration": 73672,
          "testDuration": 7431,
          "totalDuration": 81114
        },
        {
          "exercise": "pascals-triangle",
          "agentSuccess": true,
          "testSuccess": true,
          "overallSuccess": true,
          "agentDuration": 495761,
          "testDuration": 7329,
          "totalDuration": 503101
        },
        {
          "exercise": "rational-numbers",
          "agentSuccess": true,
          "testSuccess": true,
          "overallSuccess": true,
          "agentDuration": 73228,
          "testDuration": 7438,
          "totalDuration": 80676
        },
        {
          "exercise": "react",
          "agentSuccess": true,
          "testSuccess": true,
          "overallSuccess": true,
          "agentDuration": 156451,
          "testDuration": 7470,
          "totalDuration": 163932
        },
        {
          "exercise": "rectangles",
          "agentSuccess": true,
          "testSuccess": true,
          "overallSuccess": true,
          "agentDuration": 77776,
          "testDuration": 7374,
          "totalDuration": 85161
        },
        {
          "exercise": "relative-distance",
          "agentSuccess": true,
          "testSuccess": true,
          "overallSuccess": true,
          "agentDuration": 449392,
          "testDuration": 7455,
          "totalDuration": 456858
        },
        {
          "exercise": "robot-name",
          "agentSuccess": true,
          "testSuccess": false,
          "overallSuccess": false,
          "testError": "STDOUT: \u001b[94m‚û§\u001b[39m YN0087: Migrated your project to the latest Yarn version üöÄ\n\n\u001b[94m‚û§\u001b[39m \u001b[94m‚û§\u001b[39m \u001b[90m::group::Resolution step\n\u001b[94m‚û§\u001b[39m YN0085: ‚îÇ \u001b[38;5;70m+\u001b[39m \u001b[38;5;166m@exercism/\u001b[39m\u001b[38;5;173mbabel-preset-typescript\u001b[39m\u001b[38;5;111m@\u001b[39m\u001b[38;5;111mnpm:0.6.0\u001b[39m, \u001b[38;5;166m@exercism/\u001b[39m\u001b[38;5;173meslint-config-typescript\u001b[39m\u001b[38;5;111m@\u001b[39m\u001b[38;5;111mnpm:0.8.0\u001b[39m, \u001b[38;5;166m@jest/\u001b[39m\u001b[38;5;173mglobals\u001b[39m\u001b[38;5;111m@\u001b[39m\u001b[38;5;111mnpm:29.7.0\u001b[39m, \u001b[38;5;166m@types/\u001b[39m\u001b[38;5;173mnode\u001b[39m\u001b[38;5;111m@\u001b[39m\u001b[38;5;111mnpm:22.7.9\u001b[39m, and \u001b[38;5;220m625\u001b[39m more.\n::endgroup::\n\u001b[94m‚û§\u001b[39m \u001b[90m\u001b[94m‚û§\u001b[39m \u001b[90m::group::Post-resolution validation\n\u001b[93m‚û§\u001b[39m YN0002: ‚îÇ \u001b[38;5;166m@exercism/\u001b[39m\u001b[38;5;173mtypescript-robot-name\u001b[39m\u001b[38;5;111m@\u001b[39m\u001b[38;5;111mworkspace:.\u001b[39m doesn't provide \u001b[38;5;166m@babel/\u001b[39m\u001b[38;5;173mcore\u001b[39m (\u001b[38;5;111mp2c5cf\u001b[39m), requested by \u001b[38;5;173mbabel-jest\u001b[39m.\n\u001b[93m‚û§\u001b[39m YN0086: ‚îÇ Some peer dependencies are incorrectly met by your project; run \u001b[38;5;111myarn explain peer-requirements <hash>\u001b[39m for details, where \u001b[38;5;111m<hash>\u001b[39m is the six-letter p-prefixed code.\n\u001b[93m‚û§\u001b[39m YN0086: ‚îÇ Some peer dependencies are incorrectly met by dependencies; run \u001b[38;5;111myarn explain peer-requirements\u001b[39m for details.\n\u001b[91m‚û§\u001b[39m YN0028: ‚îÇ The lockfile would have been modified by this install, which is explicitly forbidden.\n::endgroup::\n\u001b[91m‚û§\u001b[39m YN0028: The lockfile would have been modified by this install, which is explicitly forbidden.\n\u001b[94m‚û§\u001b[39m \u001b[90m\u001b[91m‚û§\u001b[39m \nSTDERR: ",
          "agentDuration": 263451,
          "testDuration": 4387,
          "totalDuration": 267849
        },
        {
          "exercise": "spiral-matrix",
          "agentSuccess": true,
          "testSuccess": true,
          "overallSuccess": true,
          "agentDuration": 130357,
          "testDuration": 7444,
          "totalDuration": 137811
        },
        {
          "exercise": "transpose",
          "agentSuccess": true,
          "testSuccess": true,
          "overallSuccess": true,
          "agentDuration": 104667,
          "testDuration": 7532,
          "totalDuration": 112210
        },
        {
          "exercise": "two-bucket",
          "agentSuccess": true,
          "testSuccess": true,
          "overallSuccess": true,
          "agentDuration": 96109,
          "testDuration": 9400,
          "totalDuration": 105520
        },
        {
          "exercise": "variable-length-quantity",
          "agentSuccess": true,
          "testSuccess": true,
          "overallSuccess": true,
          "agentDuration": 113190,
          "testDuration": 7548,
          "totalDuration": 120749
        },
        {
          "exercise": "wordy",
          "agentSuccess": true,
          "testSuccess": true,
          "overallSuccess": true,
          "agentDuration": 86478,
          "testDuration": 7474,
          "totalDuration": 93964
        }
      ]
    },
    "opencode-opencode/grok-code": {
      "metadata": {
        "agent": "opencode",
        "model": "opencode/grok-code",
        "provider": "xai",
        "version": "0.5.29",
        "timestamp": "2025-08-31T09:53:32.454Z",
        "exerciseCount": 25,
        "benchmarkVersion": "1.0.0",
        "generatedBy": "ts-bench",
        "runUrl": "https://github.com/laiso/ts-bench/actions/runs/17355083421",
        "runId": "17355083421",
        "artifactName": "benchmark-results"
      },
      "summary": {
        "successRate": 88,
        "totalDuration": 2425115,
        "avgDuration": 97004.6,
        "successCount": 22,
        "totalCount": 25,
        "agentSuccessCount": 25,
        "testSuccessCount": 22,
        "testFailedCount": 3
      },
      "results": [
        {
          "exercise": "acronym",
          "agentSuccess": true,
          "testSuccess": true,
          "overallSuccess": true,
          "agentDuration": 54742,
          "testDuration": 7202,
          "totalDuration": 62048
        },
        {
          "exercise": "anagram",
          "agentSuccess": true,
          "testSuccess": true,
          "overallSuccess": true,
          "agentDuration": 30520,
          "testDuration": 7515,
          "totalDuration": 38046
        },
        {
          "exercise": "bank-account",
          "agentSuccess": true,
          "testSuccess": true,
          "overallSuccess": true,
          "agentDuration": 27975,
          "testDuration": 7272,
          "totalDuration": 35259
        },
        {
          "exercise": "binary-search",
          "agentSuccess": true,
          "testSuccess": true,
          "overallSuccess": true,
          "agentDuration": 19444,
          "testDuration": 7257,
          "totalDuration": 26713
        },
        {
          "exercise": "binary-search-tree",
          "agentSuccess": true,
          "testSuccess": true,
          "overallSuccess": true,
          "agentDuration": 46681,
          "testDuration": 7250,
          "totalDuration": 53942
        },
        {
          "exercise": "bowling",
          "agentSuccess": true,
          "testSuccess": true,
          "overallSuccess": true,
          "agentDuration": 62759,
          "testDuration": 7435,
          "totalDuration": 70205
        },
        {
          "exercise": "complex-numbers",
          "agentSuccess": true,
          "testSuccess": true,
          "overallSuccess": true,
          "agentDuration": 162070,
          "testDuration": 7302,
          "totalDuration": 169384
        },
        {
          "exercise": "connect",
          "agentSuccess": true,
          "testSuccess": true,
          "overallSuccess": true,
          "agentDuration": 62975,
          "testDuration": 7348,
          "totalDuration": 70335
        },
        {
          "exercise": "crypto-square",
          "agentSuccess": true,
          "testSuccess": true,
          "overallSuccess": true,
          "agentDuration": 41156,
          "testDuration": 7260,
          "totalDuration": 48428
        },
        {
          "exercise": "diamond",
          "agentSuccess": true,
          "testSuccess": true,
          "overallSuccess": true,
          "agentDuration": 37107,
          "testDuration": 7282,
          "totalDuration": 44399
        },
        {
          "exercise": "dnd-character",
          "agentSuccess": true,
          "testSuccess": true,
          "overallSuccess": true,
          "agentDuration": 42428,
          "testDuration": 7329,
          "totalDuration": 49768
        },
        {
          "exercise": "flatten-array",
          "agentSuccess": true,
          "testSuccess": true,
          "overallSuccess": true,
          "agentDuration": 62431,
          "testDuration": 7295,
          "totalDuration": 69737
        },
        {
          "exercise": "food-chain",
          "agentSuccess": true,
          "testSuccess": true,
          "overallSuccess": true,
          "agentDuration": 43435,
          "testDuration": 7215,
          "totalDuration": 50663
        },
        {
          "exercise": "house",
          "agentSuccess": true,
          "testSuccess": true,
          "overallSuccess": true,
          "agentDuration": 67093,
          "testDuration": 7496,
          "totalDuration": 74600
        },
        {
          "exercise": "pascals-triangle",
          "agentSuccess": true,
          "testSuccess": true,
          "overallSuccess": true,
          "agentDuration": 34607,
          "testDuration": 7759,
          "totalDuration": 42377
        },
        {
          "exercise": "rational-numbers",
          "agentSuccess": true,
          "testSuccess": true,
          "overallSuccess": true,
          "agentDuration": 34427,
          "testDuration": 7631,
          "totalDuration": 42070
        },
        {
          "exercise": "react",
          "agentSuccess": true,
          "testSuccess": false,
          "overallSuccess": false,
          "testError": "STDOUT: \u001b[94m‚û§\u001b[39m \u001b[94m‚û§\u001b[39m \u001b[90m::group::Resolution step\n::endgroup::\n\u001b[94m‚û§\u001b[39m \u001b[90m\u001b[94m‚û§\u001b[39m \u001b[90m::group::Post-resolution validation\n\u001b[93m‚û§\u001b[39m YN0002: ‚îÇ \u001b[38;5;166m@exercism/\u001b[39m\u001b[38;5;173mtypescript-react\u001b[39m\u001b[38;5;111m@\u001b[39m\u001b[38;5;111mworkspace:.\u001b[39m doesn't provide \u001b[38;5;166m@babel/\u001b[39m\u001b[38;5;173mcore\u001b[39m (\u001b[38;5;111mp31db9\u001b[39m), requested by \u001b[38;5;173mbabel-jest\u001b[39m.\n\u001b[93m‚û§\u001b[39m YN0086: ‚îÇ Some peer dependencies are incorrectly met by your project; run \u001b[38;5;111myarn explain peer-requirements <hash>\u001b[39m for details, where \u001b[38;5;111m<hash>\u001b[39m is the six-letter p-prefixed code.\n\u001b[93m‚û§\u001b[39m YN0086: ‚îÇ Some peer dependencies are incorrectly met by dependencies; run \u001b[38;5;111myarn explain peer-requirements\u001b[39m for details.\n::endgroup::\n\u001b[94m‚û§\u001b[39m \u001b[90m\u001b[94m‚û§\u001b[39m \u001b[90m::group::Fetch step\n::endgroup::\n\u001b[94m‚û§\u001b[39m \u001b[90m\u001b[94m‚û§\u001b[39m \u001b[90m::group::Link step\n\u001b[93m‚û§\u001b[39m ::endgroup::\n\u001b[94m‚û§\u001b[39m \u001b[90m\u001b[93m‚û§\u001b[39m [tests] tsc: ‚úÖ, tstyche: ‚ùå, jest: ‚úÖ, \n[tests] tsc (compile)\n[tests] tstyche (implementation tests)\n\nSTDERR: ",
          "agentDuration": 384392,
          "testDuration": 7842,
          "totalDuration": 392246
        },
        {
          "exercise": "rectangles",
          "agentSuccess": true,
          "testSuccess": true,
          "overallSuccess": true,
          "agentDuration": 55264,
          "testDuration": 7506,
          "totalDuration": 62785
        },
        {
          "exercise": "relative-distance",
          "agentSuccess": true,
          "testSuccess": false,
          "overallSuccess": false,
          "testError": "STDOUT: \u001b[94m‚û§\u001b[39m \u001b[94m‚û§\u001b[39m \u001b[90m::group::Resolution step\n::endgroup::\n\u001b[94m‚û§\u001b[39m \u001b[90m\u001b[94m‚û§\u001b[39m \u001b[90m::group::Post-resolution validation\n\u001b[93m‚û§\u001b[39m YN0002: ‚îÇ \u001b[38;5;166m@exercism/\u001b[39m\u001b[38;5;173mtypescript-relative-distance\u001b[39m\u001b[38;5;111m@\u001b[39m\u001b[38;5;111mworkspace:.\u001b[39m doesn't provide \u001b[38;5;166m@babel/\u001b[39m\u001b[38;5;173mcore\u001b[39m (\u001b[38;5;111mp51e15\u001b[39m), requested by \u001b[38;5;173mbabel-jest\u001b[39m.\n\u001b[93m‚û§\u001b[39m YN0086: ‚îÇ Some peer dependencies are incorrectly met by your project; run \u001b[38;5;111myarn explain peer-requirements <hash>\u001b[39m for details, where \u001b[38;5;111m<hash>\u001b[39m is the six-letter p-prefixed code.\n\u001b[93m‚û§\u001b[39m YN0086: ‚îÇ Some peer dependencies are incorrectly met by dependencies; run \u001b[38;5;111myarn explain peer-requirements\u001b[39m for details.\n::endgroup::\n\u001b[94m‚û§\u001b[39m \u001b[90m\u001b[94m‚û§\u001b[39m \u001b[90m::group::Fetch step\n::endgroup::\n\u001b[94m‚û§\u001b[39m \u001b[90m\u001b[94m‚û§\u001b[39m \u001b[90m::group::Link step\n\u001b[93m‚û§\u001b[39m ::endgroup::\n\u001b[94m‚û§\u001b[39m \u001b[90m\u001b[93m‚û§\u001b[39m [tests] tsc: ‚úÖ, tstyche: ‚ùå, jest: ‚úÖ, \n[tests] tsc (compile)\n[tests] tstyche (implementation tests)\n\nSTDERR: ",
          "agentDuration": 187932,
          "testDuration": 7538,
          "totalDuration": 195483
        },
        {
          "exercise": "robot-name",
          "agentSuccess": true,
          "testSuccess": true,
          "overallSuccess": true,
          "agentDuration": 108178,
          "testDuration": 24281,
          "totalDuration": 132471
        },
        {
          "exercise": "spiral-matrix",
          "agentSuccess": true,
          "testSuccess": true,
          "overallSuccess": true,
          "agentDuration": 51161,
          "testDuration": 7369,
          "totalDuration": 58541
        },
        {
          "exercise": "transpose",
          "agentSuccess": true,
          "testSuccess": true,
          "overallSuccess": true,
          "agentDuration": 262265,
          "testDuration": 7525,
          "totalDuration": 269802
        },
        {
          "exercise": "two-bucket",
          "agentSuccess": true,
          "testSuccess": true,
          "overallSuccess": true,
          "agentDuration": 58709,
          "testDuration": 7514,
          "totalDuration": 66235
        },
        {
          "exercise": "variable-length-quantity",
          "agentSuccess": true,
          "testSuccess": false,
          "overallSuccess": false,
          "testError": "STDOUT: \u001b[94m‚û§\u001b[39m \u001b[94m‚û§\u001b[39m \u001b[90m::group::Resolution step\n::endgroup::\n\u001b[94m‚û§\u001b[39m \u001b[90m\u001b[94m‚û§\u001b[39m \u001b[90m::group::Post-resolution validation\n\u001b[93m‚û§\u001b[39m YN0002: ‚îÇ \u001b[38;5;166m@exercism/\u001b[39m\u001b[38;5;173mtypescript-variable-length-quantity\u001b[39m\u001b[38;5;111m@\u001b[39m\u001b[38;5;111mworkspace:.\u001b[39m doesn't provide \u001b[38;5;166m@babel/\u001b[39m\u001b[38;5;173mcore\u001b[39m (\u001b[38;5;111mp877a6\u001b[39m), requested by \u001b[38;5;173mbabel-jest\u001b[39m.\n\u001b[93m‚û§\u001b[39m YN0086: ‚îÇ Some peer dependencies are incorrectly met by your project; run \u001b[38;5;111myarn explain peer-requirements <hash>\u001b[39m for details, where \u001b[38;5;111m<hash>\u001b[39m is the six-letter p-prefixed code.\n\u001b[93m‚û§\u001b[39m YN0086: ‚îÇ Some peer dependencies are incorrectly met by dependencies; run \u001b[38;5;111myarn explain peer-requirements\u001b[39m for details.\n::endgroup::\n\u001b[94m‚û§\u001b[39m \u001b[90m\u001b[94m‚û§\u001b[39m \u001b[90m::group::Fetch step\n::endgroup::\n\u001b[94m‚û§\u001b[39m \u001b[90m\u001b[94m‚û§\u001b[39m \u001b[90m::group::Link step\n\u001b[93m‚û§\u001b[39m \u001b[94m‚û§\u001b[39m YN0007: ‚îÇ \u001b[38;5;173mcore-js\u001b[39m\u001b[38;5;111m@\u001b[39m\u001b[38;5;111mnpm:3.38.1\u001b[39m must be built because it never has been before or the last one failed\n\u001b[94m‚û§\u001b[39m YN0007: ‚îÇ \u001b[38;5;173mcore-js\u001b[39m\u001b[38;5;111m@\u001b[39m\u001b[38;5;111mnpm:3.44.0\u001b[39m must be built because it never has been before or the last one failed\n::endgroup::\n\u001b[94m‚û§\u001b[39m \u001b[90m\u001b[93m‚û§\u001b[39m [tests] tsc: ‚úÖ, tstyche: ‚ùå, jest: ‚úÖ, \n[tests] tsc (compile)\nvariable-length-quantity.test.ts(7,21): error TS2554: Expected 0 arguments, but got 1.\nvariable-length-quantity.test.ts(11,21): error TS2554: Expected 0 arguments, but got 1.\nvariable-length-quantity.test.ts(15,21): error TS2554: Expected 0 arguments, but got 1.\nvariable-length-quantity.test.ts(19,21): error TS2554: Expected 0 arguments, but got 1.\nvariable-length-quantity.test.ts(23,21): error TS2554: Expected 0 arguments, but got 1.\nvariable-length-quantity.test.ts(27,21): error TS2554: Expected 0 arguments, but got 1.\nvariable-length-quantity.test.ts(31,21): error TS2554: Expected 0 arguments, but got 1.\nvariable-length-quantity.test.ts(35,21): error TS2554: Expected 0 arguments, but got 1.\nvariable-length-quantity.test.ts(39,21): error TS2554: Expected 0 arguments, but got 1.\nvariable-length-quantity.test.ts(43,21): error TS2554: Expected 0 arguments, but got 1.\nvariable-length-quantity.test.ts(47,21): error TS2554: Expected 0 arguments, but got 1.\nvariable-length-quantity.test.ts(51,21): error TS2554: Expected 0 arguments, but got 1.\nvariable-length-quantity.test.ts(55,21): error TS2554: Expected 0 arguments, but got 1.\nvariable-length-quantity.test.ts(59,21): error TS2554: Expected 0 arguments, but got 1.\nvariable-length-quantity.test.ts(63,21): error TS2554: Expected 0 arguments, but got 1.\nvariable-length-quantity.test.ts(67,21): error TS2554: Expected 0 arguments, but got 1.\nvariable-length-quantity.test.ts(71,21): error TS2554: Expected 0 arguments, but got 1.\nvariable-length-quantity.test.ts(82,21): error TS2554: Expected 0 arguments, but got 1.\nvariable-length-quantity.test.ts(88,21): error TS2554: Expected 0 arguments, but got 1.\nvariable-length-quantity.test.ts(92,21): error TS2554: Expected 0 arguments, but got 1.\nvariable-length-quantity.test.ts(96,21): error TS2554: Expected 0 arguments, but got 1.\nvariable-length-quantity.test.ts(100,21): error TS2554: Expected 0 arguments, but got 1.\nvariable-length-quantity.test.ts(104,21): error TS2554: Expected 0 arguments, but got 1.\nvariable-length-quantity.test.ts(109,16): error TS2554: Expected 0 arguments, but got 1.\nvariable-length-quantity.test.ts(115,16): error TS2554: Expected 0 arguments, but got 1.\nvariable-length-quantity.test.ts(125,21): error TS2554: Expected 0 arguments, but got 1.\n\nSTDERR: ",
          "agentDuration": 116138,
          "testDuration": 6428,
          "totalDuration": 122577
        },
        {
          "exercise": "wordy",
          "agentSuccess": true,
          "testSuccess": true,
          "overallSuccess": true,
          "agentDuration": 169502,
          "testDuration": 7488,
          "totalDuration": 177001
        }
      ]
    },
    "qwen-qwen3-coder-plus": {
      "metadata": {
        "agent": "qwen",
        "model": "qwen3-coder-plus",
        "provider": "dashscope",
        "version": "0.0.9",
        "timestamp": "2025-08-31T11:57:22.309Z",
        "exerciseCount": 25,
        "benchmarkVersion": "1.0.0",
        "generatedBy": "ts-bench",
        "runUrl": "https://github.com/laiso/ts-bench/actions/runs/17356246268",
        "runId": "17356246268",
        "artifactName": "benchmark-results"
      },
      "summary": {
        "successRate": 64,
        "totalDuration": 3097563,
        "avgDuration": 123902.5,
        "successCount": 16,
        "totalCount": 25,
        "agentSuccessCount": 16,
        "testSuccessCount": 16,
        "testFailedCount": 9
      },
      "results": [
        {
          "exercise": "acronym",
          "agentSuccess": true,
          "testSuccess": true,
          "overallSuccess": true,
          "agentDuration": 85651,
          "testDuration": 7209,
          "totalDuration": 93013
        },
        {
          "exercise": "anagram",
          "agentSuccess": true,
          "testSuccess": true,
          "overallSuccess": true,
          "agentDuration": 71163,
          "testDuration": 7536,
          "totalDuration": 78710
        },
        {
          "exercise": "bank-account",
          "agentSuccess": true,
          "testSuccess": true,
          "overallSuccess": true,
          "agentDuration": 95433,
          "testDuration": 7270,
          "totalDuration": 102715
        },
        {
          "exercise": "binary-search",
          "agentSuccess": true,
          "testSuccess": true,
          "overallSuccess": true,
          "agentDuration": 82967,
          "testDuration": 7225,
          "totalDuration": 90205
        },
        {
          "exercise": "binary-search-tree",
          "agentSuccess": true,
          "testSuccess": true,
          "overallSuccess": true,
          "agentDuration": 85907,
          "testDuration": 7249,
          "totalDuration": 93168
        },
        {
          "exercise": "bowling",
          "agentSuccess": true,
          "testSuccess": true,
          "overallSuccess": true,
          "agentDuration": 81852,
          "testDuration": 7286,
          "totalDuration": 89149
        },
        {
          "exercise": "complex-numbers",
          "agentSuccess": false,
          "testSuccess": false,
          "overallSuccess": false,
          "agentError": "",
          "testError": "STDOUT: \u001b[94m‚û§\u001b[39m \u001b[94m‚û§\u001b[39m \u001b[90m::group::Resolution step\n::endgroup::\n\u001b[94m‚û§\u001b[39m \u001b[90m\u001b[94m‚û§\u001b[39m \u001b[90m::group::Post-resolution validation\n\u001b[93m‚û§\u001b[39m YN0002: ‚îÇ \u001b[38;5;166m@exercism/\u001b[39m\u001b[38;5;173mtypescript-complex-numbers\u001b[39m\u001b[38;5;111m@\u001b[39m\u001b[38;5;111mworkspace:.\u001b[39m doesn't provide \u001b[38;5;166m@babel/\u001b[39m\u001b[38;5;173mcore\u001b[39m (\u001b[38;5;111mpe65d4\u001b[39m), requested by \u001b[38;5;173mbabel-jest\u001b[39m.\n\u001b[93m‚û§\u001b[39m YN0086: ‚îÇ Some peer dependencies are incorrectly met by your project; run \u001b[38;5;111myarn explain peer-requirements <hash>\u001b[39m for details, where \u001b[38;5;111m<hash>\u001b[39m is the six-letter p-prefixed code.\n\u001b[93m‚û§\u001b[39m YN0086: ‚îÇ Some peer dependencies are incorrectly met by dependencies; run \u001b[38;5;111myarn explain peer-requirements\u001b[39m for details.\n::endgroup::\n\u001b[94m‚û§\u001b[39m \u001b[90m\u001b[94m‚û§\u001b[39m \u001b[90m::group::Fetch step\n::endgroup::\n\u001b[94m‚û§\u001b[39m \u001b[90m\u001b[94m‚û§\u001b[39m \u001b[90m::group::Link step\n\u001b[93m‚û§\u001b[39m ::endgroup::\n\u001b[94m‚û§\u001b[39m \u001b[90m\u001b[93m‚û§\u001b[39m [tests] tsc: ‚úÖ, tstyche: ‚ùå, jest: ‚úÖ, \n[tests] tsc (compile)\n[tests] tstyche (implementation tests)\n\nSTDERR: ",
          "agentDuration": 98049,
          "testDuration": 7530,
          "totalDuration": 105590
        },
        {
          "exercise": "connect",
          "agentSuccess": false,
          "testSuccess": false,
          "overallSuccess": false,
          "agentError": "Execution timed out after 300 seconds",
          "testError": "STDOUT: \u001b[94m‚û§\u001b[39m \u001b[94m‚û§\u001b[39m \u001b[90m::group::Resolution step\n::endgroup::\n\u001b[94m‚û§\u001b[39m \u001b[90m\u001b[94m‚û§\u001b[39m \u001b[90m::group::Post-resolution validation\n\u001b[93m‚û§\u001b[39m YN0002: ‚îÇ \u001b[38;5;166m@exercism/\u001b[39m\u001b[38;5;173mtypescript-connect\u001b[39m\u001b[38;5;111m@\u001b[39m\u001b[38;5;111mworkspace:.\u001b[39m doesn't provide \u001b[38;5;166m@babel/\u001b[39m\u001b[38;5;173mcore\u001b[39m (\u001b[38;5;111mp8d446\u001b[39m), requested by \u001b[38;5;173mbabel-jest\u001b[39m.\n\u001b[93m‚û§\u001b[39m YN0086: ‚îÇ Some peer dependencies are incorrectly met by your project; run \u001b[38;5;111myarn explain peer-requirements <hash>\u001b[39m for details, where \u001b[38;5;111m<hash>\u001b[39m is the six-letter p-prefixed code.\n\u001b[93m‚û§\u001b[39m YN0086: ‚îÇ Some peer dependencies are incorrectly met by dependencies; run \u001b[38;5;111myarn explain peer-requirements\u001b[39m for details.\n::endgroup::\n\u001b[94m‚û§\u001b[39m \u001b[90m\u001b[94m‚û§\u001b[39m \u001b[90m::group::Fetch step\n::endgroup::\n\u001b[94m‚û§\u001b[39m \u001b[90m\u001b[94m‚û§\u001b[39m \u001b[90m::group::Link step\n\u001b[93m‚û§\u001b[39m ::endgroup::\n\u001b[94m‚û§\u001b[39m \u001b[90m\u001b[93m‚û§\u001b[39m [tests] tsc: ‚úÖ, tstyche: ‚ùå, jest: ‚úÖ, \n[tests] tsc (compile)\ndebug.ts(1,16): error TS1127: Invalid character.\ndebug.ts(1,20): error TS1005: ',' expected.\ndebug.ts(1,32): error TS1127: Invalid character.\ndebug.ts(1,36): error TS1005: ',' expected.\ndebug.ts(1,49): error TS1127: Invalid character.\ndebug.ts(1,53): error TS1005: ',' expected.\ndebug.ts(1,67): error TS1127: Invalid character.\ndebug.ts(1,71): error TS1005: ',' expected.\ndebug.ts(1,86): error TS1127: Invalid character.\ndebug.ts(1,90): error TS1005: ',' expected.\ndebug.ts(1,106): error TS1127: Invalid character.\ndebug.ts(1,110): error TS1127: Invalid character.\ndebug.ts(1,112): error TS1127: Invalid character.\ndebug.ts(1,151): error TS1127: Invalid character.\ndebug.ts(1,180): error TS1127: Invalid character.\ndebug.ts(1,181): error TS1434: Unexpected keyword or identifier.\ndebug.ts(1,216): error TS1127: Invalid character.\ndebug.ts(1,221): error TS1127: Invalid character.\ndebug.ts(1,223): error TS1127: Invalid character.\ndebug.ts(1,257): error TS1127: Invalid character.\ndebug.ts(1,258): error TS1435: Unknown keyword or identifier. Did you mean 'const'?\ndebug.ts(1,292): error TS1127: Invalid character.\ndebug.ts(1,293): error TS1434: Unexpected keyword or identifier.\ndebug.ts(1,325): error TS1127: Invalid character.\ndebug.ts(1,330): error TS1127: Invalid character.\ndebug.ts(1,360): error TS1127: Invalid character.\ndebug.ts(1,361): error TS1434: Unexpected keyword or identifier.\ndebug.ts(1,405): error TS1127: Invalid character.\n\nSTDERR: ",
          "agentDuration": 300019,
          "testDuration": 4319,
          "totalDuration": 304350
        },
        {
          "exercise": "crypto-square",
          "agentSuccess": true,
          "testSuccess": true,
          "overallSuccess": true,
          "agentDuration": 64870,
          "testDuration": 7707,
          "totalDuration": 72588
        },
        {
          "exercise": "diamond",
          "agentSuccess": true,
          "testSuccess": true,
          "overallSuccess": true,
          "agentDuration": 78921,
          "testDuration": 7712,
          "totalDuration": 86645
        },
        {
          "exercise": "dnd-character",
          "agentSuccess": true,
          "testSuccess": true,
          "overallSuccess": true,
          "agentDuration": 67150,
          "testDuration": 7711,
          "totalDuration": 74872
        },
        {
          "exercise": "flatten-array",
          "agentSuccess": false,
          "testSuccess": false,
          "overallSuccess": false,
          "agentError": "",
          "testError": "STDOUT: \u001b[94m‚û§\u001b[39m \u001b[94m‚û§\u001b[39m \u001b[90m::group::Resolution step\n::endgroup::\n\u001b[94m‚û§\u001b[39m \u001b[90m\u001b[94m‚û§\u001b[39m \u001b[90m::group::Post-resolution validation\n\u001b[93m‚û§\u001b[39m YN0002: ‚îÇ \u001b[38;5;166m@exercism/\u001b[39m\u001b[38;5;173mtypescript-flatten-array\u001b[39m\u001b[38;5;111m@\u001b[39m\u001b[38;5;111mworkspace:.\u001b[39m doesn't provide \u001b[38;5;166m@babel/\u001b[39m\u001b[38;5;173mcore\u001b[39m (\u001b[38;5;111mpec691\u001b[39m), requested by \u001b[38;5;173mbabel-jest\u001b[39m.\n\u001b[93m‚û§\u001b[39m YN0086: ‚îÇ Some peer dependencies are incorrectly met by your project; run \u001b[38;5;111myarn explain peer-requirements <hash>\u001b[39m for details, where \u001b[38;5;111m<hash>\u001b[39m is the six-letter p-prefixed code.\n\u001b[93m‚û§\u001b[39m YN0086: ‚îÇ Some peer dependencies are incorrectly met by dependencies; run \u001b[38;5;111myarn explain peer-requirements\u001b[39m for details.\n::endgroup::\n\u001b[94m‚û§\u001b[39m \u001b[90m\u001b[94m‚û§\u001b[39m \u001b[90m::group::Fetch step\n::endgroup::\n\u001b[94m‚û§\u001b[39m \u001b[90m\u001b[94m‚û§\u001b[39m \u001b[90m::group::Link step\n\u001b[93m‚û§\u001b[39m \u001b[94m‚û§\u001b[39m YN0007: ‚îÇ \u001b[38;5;173mcore-js\u001b[39m\u001b[38;5;111m@\u001b[39m\u001b[38;5;111mnpm:3.38.1\u001b[39m must be built because it never has been before or the last one failed\n\u001b[94m‚û§\u001b[39m YN0007: ‚îÇ \u001b[38;5;173mcore-js\u001b[39m\u001b[38;5;111m@\u001b[39m\u001b[38;5;111mnpm:3.44.0\u001b[39m must be built because it never has been before or the last one failed\n::endgroup::\n\u001b[94m‚û§\u001b[39m \u001b[90m\u001b[93m‚û§\u001b[39m [tests] tsc: ‚úÖ, tstyche: ‚ùå, jest: ‚úÖ, \n[tests] tsc (compile)\nflatten-array.test.ts(7,20): error TS2554: Expected 0 arguments, but got 1.\nflatten-array.test.ts(12,20): error TS2554: Expected 0 arguments, but got 1.\nflatten-array.test.ts(17,20): error TS2554: Expected 0 arguments, but got 1.\nflatten-array.test.ts(22,20): error TS2554: Expected 0 arguments, but got 1.\nflatten-array.test.ts(28,15): error TS2554: Expected 0 arguments, but got 1.\nflatten-array.test.ts(35,15): error TS2554: Expected 0 arguments, but got 1.\n\nSTDERR: ",
          "agentDuration": 16980,
          "testDuration": 6788,
          "totalDuration": 23780
        },
        {
          "exercise": "food-chain",
          "agentSuccess": false,
          "testSuccess": false,
          "overallSuccess": false,
          "agentError": "",
          "testError": "STDOUT: \u001b[94m‚û§\u001b[39m \u001b[94m‚û§\u001b[39m \u001b[90m::group::Resolution step\n::endgroup::\n\u001b[94m‚û§\u001b[39m \u001b[90m\u001b[94m‚û§\u001b[39m \u001b[90m::group::Post-resolution validation\n\u001b[93m‚û§\u001b[39m YN0002: ‚îÇ \u001b[38;5;166m@exercism/\u001b[39m\u001b[38;5;173mtypescript-food-chain\u001b[39m\u001b[38;5;111m@\u001b[39m\u001b[38;5;111mworkspace:.\u001b[39m doesn't provide \u001b[38;5;166m@babel/\u001b[39m\u001b[38;5;173mcore\u001b[39m (\u001b[38;5;111mp8fc5f\u001b[39m), requested by \u001b[38;5;173mbabel-jest\u001b[39m.\n\u001b[93m‚û§\u001b[39m YN0086: ‚îÇ Some peer dependencies are incorrectly met by your project; run \u001b[38;5;111myarn explain peer-requirements <hash>\u001b[39m for details, where \u001b[38;5;111m<hash>\u001b[39m is the six-letter p-prefixed code.\n\u001b[93m‚û§\u001b[39m YN0086: ‚îÇ Some peer dependencies are incorrectly met by dependencies; run \u001b[38;5;111myarn explain peer-requirements\u001b[39m for details.\n::endgroup::\n\u001b[94m‚û§\u001b[39m \u001b[90m\u001b[94m‚û§\u001b[39m \u001b[90m::group::Fetch step\n::endgroup::\n\u001b[94m‚û§\u001b[39m \u001b[90m\u001b[94m‚û§\u001b[39m \u001b[90m::group::Link step\n\u001b[93m‚û§\u001b[39m \u001b[94m‚û§\u001b[39m YN0007: ‚îÇ \u001b[38;5;173mcore-js\u001b[39m\u001b[38;5;111m@\u001b[39m\u001b[38;5;111mnpm:3.38.1\u001b[39m must be built because it never has been before or the last one failed\n\u001b[94m‚û§\u001b[39m YN0007: ‚îÇ \u001b[38;5;173mcore-js\u001b[39m\u001b[38;5;111m@\u001b[39m\u001b[38;5;111mnpm:3.44.0\u001b[39m must be built because it never has been before or the last one failed\n::endgroup::\n\u001b[94m‚û§\u001b[39m \u001b[90m\u001b[93m‚û§\u001b[39m [tests] tsc: ‚úÖ, tstyche: ‚ùå, jest: ‚úÖ, \n[tests] tsc (compile)\nfood-chain.test.ts(10,18): error TS2554: Expected 0 arguments, but got 1.\nfood-chain.test.ts(20,18): error TS2554: Expected 0 arguments, but got 1.\nfood-chain.test.ts(31,18): error TS2554: Expected 0 arguments, but got 1.\nfood-chain.test.ts(43,18): error TS2554: Expected 0 arguments, but got 1.\nfood-chain.test.ts(56,18): error TS2554: Expected 0 arguments, but got 1.\nfood-chain.test.ts(70,18): error TS2554: Expected 0 arguments, but got 1.\nfood-chain.test.ts(85,18): error TS2554: Expected 0 arguments, but got 1.\nfood-chain.test.ts(93,18): error TS2554: Expected 0 arguments, but got 1.\nfood-chain.test.ts(106,19): error TS2554: Expected 0 arguments, but got 2.\nfood-chain.test.ts(161,19): error TS2554: Expected 0 arguments, but got 2.\n\nSTDERR: ",
          "agentDuration": 26098,
          "testDuration": 6504,
          "totalDuration": 32614
        },
        {
          "exercise": "house",
          "agentSuccess": false,
          "testSuccess": false,
          "overallSuccess": false,
          "agentError": "",
          "testError": "STDOUT: \u001b[94m‚û§\u001b[39m \u001b[94m‚û§\u001b[39m \u001b[90m::group::Resolution step\n::endgroup::\n\u001b[94m‚û§\u001b[39m \u001b[90m\u001b[94m‚û§\u001b[39m \u001b[90m::group::Post-resolution validation\n\u001b[93m‚û§\u001b[39m YN0002: ‚îÇ \u001b[38;5;166m@exercism/\u001b[39m\u001b[38;5;173mtypescript-house\u001b[39m\u001b[38;5;111m@\u001b[39m\u001b[38;5;111mworkspace:.\u001b[39m doesn't provide \u001b[38;5;166m@babel/\u001b[39m\u001b[38;5;173mcore\u001b[39m (\u001b[38;5;111mp71b57\u001b[39m), requested by \u001b[38;5;173mbabel-jest\u001b[39m.\n\u001b[93m‚û§\u001b[39m YN0086: ‚îÇ Some peer dependencies are incorrectly met by your project; run \u001b[38;5;111myarn explain peer-requirements <hash>\u001b[39m for details, where \u001b[38;5;111m<hash>\u001b[39m is the six-letter p-prefixed code.\n\u001b[93m‚û§\u001b[39m YN0086: ‚îÇ Some peer dependencies are incorrectly met by dependencies; run \u001b[38;5;111myarn explain peer-requirements\u001b[39m for details.\n::endgroup::\n\u001b[94m‚û§\u001b[39m \u001b[90m\u001b[94m‚û§\u001b[39m \u001b[90m::group::Fetch step\n::endgroup::\n\u001b[94m‚û§\u001b[39m \u001b[90m\u001b[94m‚û§\u001b[39m \u001b[90m::group::Link step\n\u001b[93m‚û§\u001b[39m \u001b[94m‚û§\u001b[39m YN0007: ‚îÇ \u001b[38;5;173mcore-js\u001b[39m\u001b[38;5;111m@\u001b[39m\u001b[38;5;111mnpm:3.38.1\u001b[39m must be built because it never has been before or the last one failed\n\u001b[94m‚û§\u001b[39m YN0007: ‚îÇ \u001b[38;5;173mcore-js\u001b[39m\u001b[38;5;111m@\u001b[39m\u001b[38;5;111mnpm:3.44.0\u001b[39m must be built because it never has been before or the last one failed\n::endgroup::\n\u001b[94m‚û§\u001b[39m \u001b[90m\u001b[93m‚û§\u001b[39m [tests] tsc: ‚úÖ, tstyche: ‚ùå, jest: ‚úÖ, \n[tests] tsc (compile)\nhouse.test.ts(7,18): error TS2554: Expected 0 arguments, but got 1.\nhouse.test.ts(15,18): error TS2554: Expected 0 arguments, but got 1.\nhouse.test.ts(24,18): error TS2554: Expected 0 arguments, but got 1.\nhouse.test.ts(34,18): error TS2554: Expected 0 arguments, but got 1.\nhouse.test.ts(45,18): error TS2554: Expected 0 arguments, but got 1.\nhouse.test.ts(57,18): error TS2554: Expected 0 arguments, but got 1.\nhouse.test.ts(70,18): error TS2554: Expected 0 arguments, but got 1.\nhouse.test.ts(84,18): error TS2554: Expected 0 arguments, but got 1.\nhouse.test.ts(99,18): error TS2554: Expected 0 arguments, but got 1.\nhouse.test.ts(115,18): error TS2554: Expected 0 arguments, but got 1.\nhouse.test.ts(132,18): error TS2554: Expected 0 arguments, but got 1.\nhouse.test.ts(150,18): error TS2554: Expected 0 arguments, but got 1.\nhouse.test.ts(192,19): error TS2554: Expected 0 arguments, but got 2.\nhouse.test.ts(289,19): error TS2554: Expected 0 arguments, but got 2.\n\nSTDERR: ",
          "agentDuration": 24696,
          "testDuration": 6482,
          "totalDuration": 31190
        },
        {
          "exercise": "pascals-triangle",
          "agentSuccess": true,
          "testSuccess": true,
          "overallSuccess": true,
          "agentDuration": 67738,
          "testDuration": 7404,
          "totalDuration": 75154
        },
        {
          "exercise": "rational-numbers",
          "agentSuccess": true,
          "testSuccess": true,
          "overallSuccess": true,
          "agentDuration": 83585,
          "testDuration": 7743,
          "totalDuration": 91339
        },
        {
          "exercise": "react",
          "agentSuccess": false,
          "testSuccess": false,
          "overallSuccess": false,
          "agentError": "Execution timed out after 300 seconds",
          "testError": "STDOUT: \u001b[94m‚û§\u001b[39m \u001b[94m‚û§\u001b[39m \u001b[90m::group::Resolution step\n::endgroup::\n\u001b[94m‚û§\u001b[39m \u001b[90m\u001b[94m‚û§\u001b[39m \u001b[90m::group::Post-resolution validation\n\u001b[93m‚û§\u001b[39m YN0002: ‚îÇ \u001b[38;5;166m@exercism/\u001b[39m\u001b[38;5;173mtypescript-react\u001b[39m\u001b[38;5;111m@\u001b[39m\u001b[38;5;111mworkspace:.\u001b[39m doesn't provide \u001b[38;5;166m@babel/\u001b[39m\u001b[38;5;173mcore\u001b[39m (\u001b[38;5;111mp31db9\u001b[39m), requested by \u001b[38;5;173mbabel-jest\u001b[39m.\n\u001b[93m‚û§\u001b[39m YN0086: ‚îÇ Some peer dependencies are incorrectly met by your project; run \u001b[38;5;111myarn explain peer-requirements <hash>\u001b[39m for details, where \u001b[38;5;111m<hash>\u001b[39m is the six-letter p-prefixed code.\n\u001b[93m‚û§\u001b[39m YN0086: ‚îÇ Some peer dependencies are incorrectly met by dependencies; run \u001b[38;5;111myarn explain peer-requirements\u001b[39m for details.\n::endgroup::\n\u001b[94m‚û§\u001b[39m \u001b[90m\u001b[94m‚û§\u001b[39m \u001b[90m::group::Fetch step\n::endgroup::\n\u001b[94m‚û§\u001b[39m \u001b[90m\u001b[94m‚û§\u001b[39m \u001b[90m::group::Link step\n\u001b[93m‚û§\u001b[39m ::endgroup::\n\u001b[94m‚û§\u001b[39m \u001b[90m\u001b[93m‚û§\u001b[39m [tests] tsc: ‚úÖ, tstyche: ‚ùå, jest: ‚úÖ, \n[tests] tsc (compile)\n[tests] tstyche (implementation tests)\n\nSTDERR: ",
          "agentDuration": 300020,
          "testDuration": 8057,
          "totalDuration": 308089
        },
        {
          "exercise": "rectangles",
          "agentSuccess": false,
          "testSuccess": false,
          "overallSuccess": false,
          "agentError": "",
          "testError": "STDOUT: \u001b[94m‚û§\u001b[39m \u001b[94m‚û§\u001b[39m \u001b[90m::group::Resolution step\n::endgroup::\n\u001b[94m‚û§\u001b[39m \u001b[90m\u001b[94m‚û§\u001b[39m \u001b[90m::group::Post-resolution validation\n\u001b[93m‚û§\u001b[39m YN0002: ‚îÇ \u001b[38;5;166m@exercism/\u001b[39m\u001b[38;5;173mtypescript-rectangles\u001b[39m\u001b[38;5;111m@\u001b[39m\u001b[38;5;111mworkspace:.\u001b[39m doesn't provide \u001b[38;5;166m@babel/\u001b[39m\u001b[38;5;173mcore\u001b[39m (\u001b[38;5;111mp58fb9\u001b[39m), requested by \u001b[38;5;173mbabel-jest\u001b[39m.\n\u001b[93m‚û§\u001b[39m YN0086: ‚îÇ Some peer dependencies are incorrectly met by your project; run \u001b[38;5;111myarn explain peer-requirements <hash>\u001b[39m for details, where \u001b[38;5;111m<hash>\u001b[39m is the six-letter p-prefixed code.\n\u001b[93m‚û§\u001b[39m YN0086: ‚îÇ Some peer dependencies are incorrectly met by dependencies; run \u001b[38;5;111myarn explain peer-requirements\u001b[39m for details.\n::endgroup::\n\u001b[94m‚û§\u001b[39m \u001b[90m\u001b[94m‚û§\u001b[39m \u001b[90m::group::Fetch step\n::endgroup::\n\u001b[94m‚û§\u001b[39m \u001b[90m\u001b[94m‚û§\u001b[39m \u001b[90m::group::Link step\n\u001b[93m‚û§\u001b[39m \u001b[94m‚û§\u001b[39m YN0007: ‚îÇ \u001b[38;5;173mcore-js\u001b[39m\u001b[38;5;111m@\u001b[39m\u001b[38;5;111mnpm:3.38.1\u001b[39m must be built because it never has been before or the last one failed\n\u001b[94m‚û§\u001b[39m YN0007: ‚îÇ \u001b[38;5;173mcore-js\u001b[39m\u001b[38;5;111m@\u001b[39m\u001b[38;5;111mnpm:3.44.0\u001b[39m must be built because it never has been before or the last one failed\n::endgroup::\n\u001b[94m‚û§\u001b[39m \u001b[90m\u001b[93m‚û§\u001b[39m [tests] tsc: ‚úÖ, tstyche: ‚ùå, jest: ‚úÖ, \n[tests] tsc (compile)\nrectangles.test.ts(7,26): error TS2554: Expected 0 arguments, but got 1.\nrectangles.test.ts(13,26): error TS2554: Expected 0 arguments, but got 1.\nrectangles.test.ts(19,26): error TS2554: Expected 0 arguments, but got 1.\nrectangles.test.ts(25,26): error TS2554: Expected 0 arguments, but got 1.\nrectangles.test.ts(31,26): error TS2554: Expected 0 arguments, but got 1.\nrectangles.test.ts(37,26): error TS2554: Expected 0 arguments, but got 1.\nrectangles.test.ts(43,26): error TS2554: Expected 0 arguments, but got 1.\nrectangles.test.ts(49,26): error TS2554: Expected 0 arguments, but got 1.\nrectangles.test.ts(55,26): error TS2554: Expected 0 arguments, but got 1.\nrectangles.test.ts(61,26): error TS2554: Expected 0 arguments, but got 1.\nrectangles.test.ts(67,26): error TS2554: Expected 0 arguments, but got 1.\nrectangles.test.ts(79,26): error TS2554: Expected 0 arguments, but got 1.\nrectangles.test.ts(91,26): error TS2554: Expected 0 arguments, but got 1.\nrectangles.test.ts(106,26): error TS2554: Expected 0 arguments, but got 1.\n\nSTDERR: ",
          "agentDuration": 25494,
          "testDuration": 6843,
          "totalDuration": 32348
        },
        {
          "exercise": "relative-distance",
          "agentSuccess": true,
          "testSuccess": true,
          "overallSuccess": true,
          "agentDuration": 83116,
          "testDuration": 7682,
          "totalDuration": 90810
        },
        {
          "exercise": "robot-name",
          "agentSuccess": false,
          "testSuccess": false,
          "overallSuccess": false,
          "agentError": "Execution timed out after 300 seconds",
          "testError": "STDOUT: \u001b[94m‚û§\u001b[39m \u001b[94m‚û§\u001b[39m \u001b[90m::group::Resolution step\n::endgroup::\n\u001b[94m‚û§\u001b[39m \u001b[90m\u001b[94m‚û§\u001b[39m \u001b[90m::group::Post-resolution validation\n\u001b[93m‚û§\u001b[39m YN0002: ‚îÇ \u001b[38;5;166m@exercism/\u001b[39m\u001b[38;5;173mtypescript-robot-name\u001b[39m\u001b[38;5;111m@\u001b[39m\u001b[38;5;111mworkspace:.\u001b[39m doesn't provide \u001b[38;5;166m@babel/\u001b[39m\u001b[38;5;173mcore\u001b[39m (\u001b[38;5;111mp2c5cf\u001b[39m), requested by \u001b[38;5;173mbabel-jest\u001b[39m.\n\u001b[93m‚û§\u001b[39m YN0086: ‚îÇ Some peer dependencies are incorrectly met by your project; run \u001b[38;5;111myarn explain peer-requirements <hash>\u001b[39m for details, where \u001b[38;5;111m<hash>\u001b[39m is the six-letter p-prefixed code.\n\u001b[93m‚û§\u001b[39m YN0086: ‚îÇ Some peer dependencies are incorrectly met by dependencies; run \u001b[38;5;111myarn explain peer-requirements\u001b[39m for details.\n::endgroup::\n\u001b[94m‚û§\u001b[39m \u001b[90m\u001b[94m‚û§\u001b[39m \u001b[90m::group::Fetch step\n::endgroup::\n\u001b[94m‚û§\u001b[39m \u001b[90m\u001b[94m‚û§\u001b[39m \u001b[90m::group::Link step\n\u001b[93m‚û§\u001b[39m ::endgroup::\n\u001b[94m‚û§\u001b[39m \u001b[90m\u001b[93m‚û§\u001b[39m [tests] tsc: ‚úÖ, tstyche: ‚ùå, jest: ‚úÖ, \n[tests] tsc (compile)\n[tests] tstyche (implementation tests)\n\nSTDERR: ",
          "agentDuration": 300015,
          "testDuration": 31774,
          "totalDuration": 331800
        },
        {
          "exercise": "spiral-matrix",
          "agentSuccess": true,
          "testSuccess": true,
          "overallSuccess": true,
          "agentDuration": 134281,
          "testDuration": 7404,
          "totalDuration": 141696
        },
        {
          "exercise": "transpose",
          "agentSuccess": false,
          "testSuccess": false,
          "overallSuccess": false,
          "agentError": "Execution timed out after 300 seconds",
          "testError": "STDOUT: \u001b[94m‚û§\u001b[39m \u001b[94m‚û§\u001b[39m \u001b[90m::group::Resolution step\n::endgroup::\n\u001b[94m‚û§\u001b[39m \u001b[90m\u001b[94m‚û§\u001b[39m \u001b[90m::group::Post-resolution validation\n\u001b[93m‚û§\u001b[39m YN0002: ‚îÇ \u001b[38;5;166m@exercism/\u001b[39m\u001b[38;5;173mtypescript-transpose\u001b[39m\u001b[38;5;111m@\u001b[39m\u001b[38;5;111mworkspace:.\u001b[39m doesn't provide \u001b[38;5;166m@babel/\u001b[39m\u001b[38;5;173mcore\u001b[39m (\u001b[38;5;111mp77e24\u001b[39m), requested by \u001b[38;5;173mbabel-jest\u001b[39m.\n\u001b[93m‚û§\u001b[39m YN0086: ‚îÇ Some peer dependencies are incorrectly met by your project; run \u001b[38;5;111myarn explain peer-requirements <hash>\u001b[39m for details, where \u001b[38;5;111m<hash>\u001b[39m is the six-letter p-prefixed code.\n\u001b[93m‚û§\u001b[39m YN0086: ‚îÇ Some peer dependencies are incorrectly met by dependencies; run \u001b[38;5;111myarn explain peer-requirements\u001b[39m for details.\n::endgroup::\n\u001b[94m‚û§\u001b[39m \u001b[90m\u001b[94m‚û§\u001b[39m \u001b[90m::group::Fetch step\n::endgroup::\n\u001b[94m‚û§\u001b[39m \u001b[90m\u001b[94m‚û§\u001b[39m \u001b[90m::group::Link step\n\u001b[93m‚û§\u001b[39m ::endgroup::\n\u001b[94m‚û§\u001b[39m \u001b[90m\u001b[93m‚û§\u001b[39m [tests] tsc: ‚úÖ, tstyche: ‚ùå, jest: ‚úÖ, \n[tests] tsc (compile)\n[tests] tstyche (implementation tests)\n\nSTDERR: ",
          "agentDuration": 300021,
          "testDuration": 7497,
          "totalDuration": 307529
        },
        {
          "exercise": "two-bucket",
          "agentSuccess": true,
          "testSuccess": true,
          "overallSuccess": true,
          "agentDuration": 88690,
          "testDuration": 7903,
          "totalDuration": 96605
        },
        {
          "exercise": "variable-length-quantity",
          "agentSuccess": true,
          "testSuccess": true,
          "overallSuccess": true,
          "agentDuration": 101032,
          "testDuration": 7588,
          "totalDuration": 108631
        },
        {
          "exercise": "wordy",
          "agentSuccess": true,
          "testSuccess": true,
          "overallSuccess": true,
          "agentDuration": 227481,
          "testDuration": 7481,
          "totalDuration": 234973
        }
      ]
    }
  }
}